<?xml version="1.0" encoding="UTF-8"?>
<testsuite xmlns:xsi="http://www.w3.org/2001/XMLSchema-instance" xsi:noNamespaceSchemaLocation="https://maven.apache.org/surefire/maven-surefire-plugin/xsd/surefire-test-report-3.0.xsd" version="3.0" name="edu.ant.myapp.FirstAppTest" time="0.385" tests="2" errors="0" skipped="0" failures="0">
  <properties>
[...]
</properties>
  <testcase name="testSaveToDatabase" classname="edu.ant.myapp.FirstAppTest" time="0.371"/>
  <testcase name="testSaveToDatabaseWithInvalidData" classname="edu.ant.myapp.FirstAppTest" time="0.002"/>
</testsuite>